# JRE version: OpenJDK Runtime Environment (8.0_242-b01) (build 1.8.0_242-release-1644-b01)
# Java VM: OpenJDK 64-Bit Server VM (25.242-b01 mixed mode windows-amd64 compressed oops)
Heap:
 PSYoungGen      total 1237504K, used 582007K [0x0000000760000000, 0x00000007bed00000, 0x00000007c0000000)
  eden space 924160K, 59% used [0x0000000760000000,0x0000000781bed800,0x0000000798680000)
  from space 313344K, 9% used [0x0000000798680000,0x000000079a2f07b8,0x00000007ab880000)
  to   space 305152K, 0% used [0x00000007ac300000,0x00000007ac300000,0x00000007bed00000)
 ParOldGen       total 1317376K, used 1154102K [0x00000006a0000000, 0x00000006f0680000, 0x0000000760000000)
  object space 1317376K, 87% used [0x00000006a0000000,0x00000006e670da80,0x00000006f0680000)
 Metaspace       used 330056K, capacity 352676K, committed 352808K, reserved 1355776K
  class space    used 42461K, capacity 46788K, committed 46896K, reserved 1048576K
GC Heap History (10 events):
Event: 2681.132 GC heap before
{Heap before GC invocations=65 (full 10):
 PSYoungGen      total 1173504K, used 858711K [0x0000000760000000, 0x00000007be700000, 0x00000007c0000000)
  eden space 815104K, 100% used [0x0000000760000000,0x0000000791c00000,0x0000000791c00000)
  from space 358400K, 12% used [0x00000007a7880000,0x00000007aa315d50,0x00000007bd680000)
  to   space 356864K, 0% used [0x0000000791c00000,0x0000000791c00000,0x00000007a7880000)
 ParOldGen       total 1317376K, used 1027760K [0x00000006a0000000, 0x00000006f0680000, 0x0000000760000000)
  object space 1317376K, 78% used [0x00000006a0000000,0x00000006debac390,0x00000006f0680000)
 Metaspace       used 298372K, capacity 317874K, committed 317992K, reserved 1325056K
  class space    used 38475K, capacity 42256K, committed 42288K, reserved 1048576K
Event: 2685.439 GC heap after
Heap after GC invocations=65 (full 10):
 PSYoungGen      total 1171968K, used 98137K [0x0000000760000000, 0x00000007bdc80000, 0x00000007c0000000)
  eden space 815104K, 0% used [0x0000000760000000,0x0000000760000000,0x0000000791c00000)
  from space 356864K, 27% used [0x0000000791c00000,0x0000000797bd6700,0x00000007a7880000)
  to   space 339456K, 0% used [0x00000007a9100000,0x00000007a9100000,0x00000007bdc80000)
 ParOldGen       total 1317376K, used 1027952K [0x00000006a0000000, 0x00000006f0680000, 0x0000000760000000)
  object space 1317376K, 78% used [0x00000006a0000000,0x00000006debdc390,0x00000006f0680000)
 Metaspace       used 298372K, capacity 317874K, committed 317992K, reserved 1325056K
  class space    used 38475K, capacity 42256K, committed 42288K, reserved 1048576K
}
Event: 2720.691 GC heap before
{Heap before GC invocations=66 (full 10):
 PSYoungGen      total 1171968K, used 909454K [0x0000000760000000, 0x00000007bdc80000, 0x00000007c0000000)
  eden space 815104K, 99% used [0x0000000760000000,0x000000079184d478,0x0000000791c00000)
  from space 356864K, 27% used [0x0000000791c00000,0x0000000797bd6700,0x00000007a7880000)
  to   space 339456K, 0% used [0x00000007a9100000,0x00000007a9100000,0x00000007bdc80000)
 ParOldGen       total 1317376K, used 1027952K [0x00000006a0000000, 0x00000006f0680000, 0x0000000760000000)
  object space 1317376K, 78% used [0x00000006a0000000,0x00000006debdc390,0x00000006f0680000)
 Metaspace       used 300168K, capacity 319848K, committed 320040K, reserved 1327104K
  class space    used 38694K, capacity 42495K, committed 42544K, reserved 1048576K
Event: 2723.721 GC heap after
Heap after GC invocations=66 (full 10):
 PSYoungGen      total 1200640K, used 89922K [0x0000000760000000, 0x00000007bd100000, 0x00000007c0000000)
  eden space 872960K, 0% used [0x0000000760000000,0x0000000760000000,0x0000000795480000)
  from space 327680K, 27% used [0x00000007a9100000,0x00000007ae8d0b38,0x00000007bd100000)
  to   space 324096K, 0% used [0x0000000795480000,0x0000000795480000,0x00000007a9100000)
 ParOldGen       total 1317376K, used 1061656K [0x00000006a0000000, 0x00000006f0680000, 0x0000000760000000)
  object space 1317376K, 80% used [0x00000006a0000000,0x00000006e0cc63e0,0x00000006f0680000)
 Metaspace       used 300168K, capacity 319848K, committed 320040K, reserved 1327104K
  class space    used 38694K, capacity 42495K, committed 42544K, reserved 1048576K
}
Event: 2736.582 GC heap before
{Heap before GC invocations=67 (full 10):
 PSYoungGen      total 1200640K, used 962882K [0x0000000760000000, 0x00000007bd100000, 0x00000007c0000000)
  eden space 872960K, 100% used [0x0000000760000000,0x0000000795480000,0x0000000795480000)
  from space 327680K, 27% used [0x00000007a9100000,0x00000007ae8d0b38,0x00000007bd100000)
  to   space 324096K, 0% used [0x0000000795480000,0x0000000795480000,0x00000007a9100000)
 ParOldGen       total 1317376K, used 1061656K [0x00000006a0000000, 0x00000006f0680000, 0x0000000760000000)
  object space 1317376K, 80% used [0x00000006a0000000,0x00000006e0cc63e0,0x00000006f0680000)
 Metaspace       used 310583K, capacity 331432K, committed 331688K, reserved 1337344K
  class space    used 40091K, capacity 44081K, committed 44208K, reserved 1048576K
Event: 2738.252 GC heap after
Heap after GC invocations=67 (full 10):
 PSYoungGen      total 1197056K, used 51762K [0x0000000760000000, 0x00000007bed80000, 0x00000007c0000000)
  eden space 872960K, 0% used [0x0000000760000000,0x0000000760000000,0x0000000795480000)
  from space 324096K, 15% used [0x0000000795480000,0x000000079870c890,0x00000007a9100000)
  to   space 316416K, 0% used [0x00000007ab880000,0x00000007ab880000,0x00000007bed80000)
 ParOldGen       total 1317376K, used 1141916K [0x00000006a0000000, 0x00000006f0680000, 0x0000000760000000)
  object space 1317376K, 86% used [0x00000006a0000000,0x00000006e5b27138,0x00000006f0680000)
 Metaspace       used 310583K, capacity 331432K, committed 331688K, reserved 1337344K
  class space    used 40091K, capacity 44081K, committed 44208K, reserved 1048576K
}
Event: 2913.365 GC heap before
{Heap before GC invocations=68 (full 10):
 PSYoungGen      total 1197056K, used 924722K [0x0000000760000000, 0x00000007bed80000, 0x00000007c0000000)
  eden space 872960K, 100% used [0x0000000760000000,0x0000000795480000,0x0000000795480000)
  from space 324096K, 15% used [0x0000000795480000,0x000000079870c890,0x00000007a9100000)
  to   space 316416K, 0% used [0x00000007ab880000,0x00000007ab880000,0x00000007bed80000)
 ParOldGen       total 1317376K, used 1141916K [0x00000006a0000000, 0x00000006f0680000, 0x0000000760000000)
  object space 1317376K, 86% used [0x00000006a0000000,0x00000006e5b27138,0x00000006f0680000)
 Metaspace       used 317951K, capacity 339400K, committed 339624K, reserved 1343488K
  class space    used 40883K, capacity 44961K, committed 44976K, reserved 1048576K
Event: 2914.385 GC heap after
Heap after GC invocations=68 (full 10):
 PSYoungGen      total 1240576K, used 15817K [0x0000000760000000, 0x00000007bf280000, 0x00000007c0000000)
  eden space 924160K, 0% used [0x0000000760000000,0x0000000760000000,0x0000000798680000)
  from space 316416K, 4% used [0x00000007ab880000,0x00000007ac7f2640,0x00000007bed80000)
  to   space 313344K, 0% used [0x0000000798680000,0x0000000798680000,0x00000007ab880000)
 ParOldGen       total 1317376K, used 1150414K [0x00000006a0000000, 0x00000006f0680000, 0x0000000760000000)
  object space 1317376K, 87% used [0x00000006a0000000,0x00000006e6373920,0x00000006f0680000)
 Metaspace       used 317951K, capacity 339400K, committed 339624K, reserved 1343488K
  class space    used 40883K, capacity 44961K, committed 44976K, reserved 1048576K
}
Event: 2941.810 GC heap before
{Heap before GC invocations=69 (full 10):
 PSYoungGen      total 1240576K, used 939977K [0x0000000760000000, 0x00000007bf280000, 0x00000007c0000000)
  eden space 924160K, 100% used [0x0000000760000000,0x0000000798680000,0x0000000798680000)
  from space 316416K, 4% used [0x00000007ab880000,0x00000007ac7f2640,0x00000007bed80000)
  to   space 313344K, 0% used [0x0000000798680000,0x0000000798680000,0x00000007ab880000)
 ParOldGen       total 1317376K, used 1150414K [0x00000006a0000000, 0x00000006f0680000, 0x0000000760000000)
  object space 1317376K, 87% used [0x00000006a0000000,0x00000006e6373920,0x00000006f0680000)
 Metaspace       used 320328K, capacity 342652K, committed 342824K, reserved 1347584K
  class space    used 41286K, capacity 45556K, committed 45616K, reserved 1048576K
Event: 2943.238 GC heap after
Heap after GC invocations=69 (full 10):
 PSYoungGen      total 1237504K, used 29121K [0x0000000760000000, 0x00000007bed00000, 0x00000007c0000000)
  eden space 924160K, 0% used [0x0000000760000000,0x0000000760000000,0x0000000798680000)
  from space 313344K, 9% used [0x0000000798680000,0x000000079a2f07b8,0x00000007ab880000)
  to   space 305152K, 0% used [0x00000007ac300000,0x00000007ac300000,0x00000007bed00000)
 ParOldGen       total 1317376K, used 1154102K [0x00000006a0000000, 0x00000006f0680000, 0x0000000760000000)
  object space 1317376K, 87% used [0x00000006a0000000,0x00000006e670da80,0x00000006f0680000)
 Metaspace       used 320328K, capacity 342652K, committed 342824K, reserved 1347584K
  class space    used 41286K, capacity 45556K, committed 45616K, reserved 1048576K
}

